# JRE version: Java(TM) SE Runtime Environment (18.0.2.1+1) (build 18.0.2.1+1-1)
# Java VM: Java HotSpot(TM) 64-Bit Server VM (18.0.2.1+1-1, mixed mode, sharing, tiered, compressed oops, compressed class ptrs, g1 gc, windows-amd64)
GC Precious Log:
 CardTable entry size: 512
 Card Set container configuration: InlinePtr #cards 5 size 8 Array Of Cards #cards 12 size 40 Howl #buckets 4 coarsen threshold 1843 Howl Bitmap #cards 512 size 80 coarsen threshold 460 Card regions per heap region 1 cards per card region 2048
 CPUs: 4 total, 4 available
 Memory: 8119M
 Large Page Support: Disabled
 NUMA Support: Disabled
 Compressed Oops: Enabled (32-bit)
 Heap Region Size: 1M
 Heap Min Capacity: 8M
 Heap Initial Capacity: 128M
 Heap Max Capacity: 2030M
 Pre-touch: Disabled
 Parallel Workers: 4
 Concurrent Workers: 1
 Concurrent Refinement Workers: 4
 Periodic GC: Disabled
Heap:
 garbage-first heap   total 104448K, used 62224K [0x0000000081200000, 0x0000000100000000)
  region size 1024K, 5 young (5120K), 4 survivors (4096K)
 Metaspace       used 56489K, committed 57280K, reserved 1114112K
  class space    used 6554K, committed 6976K, reserved 1048576K
GC Heap History (20 events):
Event: 2.818 GC heap before
{Heap before GC invocations=6 (full 0):
 garbage-first heap   total 71680K, used 51137K [0x0000000081200000, 0x0000000100000000)
  region size 1024K, 28 young (28672K), 1 survivors (1024K)
 Metaspace       used 31749K, committed 32128K, reserved 1114112K
  class space    used 3944K, committed 4096K, reserved 1048576K
}
Event: 2.822 GC heap after
{Heap after GC invocations=7 (full 0):
 garbage-first heap   total 71680K, used 26502K [0x0000000081200000, 0x0000000100000000)
  region size 1024K, 3 young (3072K), 3 survivors (3072K)
 Metaspace       used 31749K, committed 32128K, reserved 1114112K
  class space    used 3944K, committed 4096K, reserved 1048576K
}
Event: 3.179 GC heap before
{Heap before GC invocations=7 (full 0):
 garbage-first heap   total 71680K, used 45958K [0x0000000081200000, 0x0000000100000000)
  region size 1024K, 24 young (24576K), 3 survivors (3072K)
 Metaspace       used 35322K, committed 35968K, reserved 1114112K
  class space    used 4366K, committed 4736K, reserved 1048576K
}
Event: 3.185 GC heap after
{Heap after GC invocations=8 (full 0):
 garbage-first heap   total 118784K, used 28779K [0x0000000081200000, 0x0000000100000000)
  region size 1024K, 3 young (3072K), 3 survivors (3072K)
 Metaspace       used 35322K, committed 35968K, reserved 1114112K
  class space    used 4366K, committed 4736K, reserved 1048576K
}
Event: 4.264 GC heap before
{Heap before GC invocations=9 (full 0):
 garbage-first heap   total 102400K, used 90219K [0x0000000081200000, 0x0000000100000000)
  region size 1024K, 60 young (61440K), 3 survivors (3072K)
 Metaspace       used 43178K, committed 43840K, reserved 1114112K
  class space    used 5177K, committed 5504K, reserved 1048576K
}
Event: 4.278 GC heap after
{Heap after GC invocations=10 (full 0):
 garbage-first heap   total 102400K, used 37983K [0x0000000081200000, 0x0000000100000000)
  region size 1024K, 8 young (8192K), 8 survivors (8192K)
 Metaspace       used 43178K, committed 43840K, reserved 1114112K
  class space    used 5177K, committed 5504K, reserved 1048576K
}
Event: 4.279 GC heap before
{Heap before GC invocations=10 (full 0):
 garbage-first heap   total 102400K, used 39007K [0x0000000081200000, 0x0000000100000000)
  region size 1024K, 9 young (9216K), 8 survivors (8192K)
 Metaspace       used 43178K, committed 43840K, reserved 1114112K
  class space    used 5177K, committed 5504K, reserved 1048576K
}
Event: 4.290 GC heap after
{Heap after GC invocations=11 (full 0):
 garbage-first heap   total 102400K, used 38762K [0x0000000081200000, 0x0000000100000000)
  region size 1024K, 1 young (1024K), 1 survivors (1024K)
 Metaspace       used 43178K, committed 43840K, reserved 1114112K
  class space    used 5177K, committed 5504K, reserved 1048576K
}
Event: 5.121 GC heap before
{Heap before GC invocations=11 (full 0):
 garbage-first heap   total 102400K, used 76650K [0x0000000081200000, 0x0000000100000000)
  region size 1024K, 39 young (39936K), 1 survivors (1024K)
 Metaspace       used 48499K, committed 49216K, reserved 1114112K
  class space    used 5915K, committed 6272K, reserved 1048576K
}
Event: 5.129 GC heap after
{Heap after GC invocations=12 (full 0):
 garbage-first heap   total 102400K, used 42207K [0x0000000081200000, 0x0000000100000000)
  region size 1024K, 5 young (5120K), 5 survivors (5120K)
 Metaspace       used 48499K, committed 49216K, reserved 1114112K
  class space    used 5915K, committed 6272K, reserved 1048576K
}
Event: 6.970 GC heap before
{Heap before GC invocations=12 (full 0):
 garbage-first heap   total 102400K, used 78047K [0x0000000081200000, 0x0000000100000000)
  region size 1024K, 40 young (40960K), 5 survivors (5120K)
 Metaspace       used 52127K, committed 52864K, reserved 1114112K
  class space    used 6248K, committed 6656K, reserved 1048576K
}
Event: 6.986 GC heap after
{Heap after GC invocations=13 (full 0):
 garbage-first heap   total 102400K, used 48797K [0x0000000081200000, 0x0000000100000000)
  region size 1024K, 5 young (5120K), 5 survivors (5120K)
 Metaspace       used 52127K, committed 52864K, reserved 1114112K
  class space    used 6248K, committed 6656K, reserved 1048576K
}
Event: 7.391 GC heap before
{Heap before GC invocations=13 (full 0):
 garbage-first heap   total 102400K, used 78493K [0x0000000081200000, 0x0000000100000000)
  region size 1024K, 34 young (34816K), 5 survivors (5120K)
 Metaspace       used 52414K, committed 53120K, reserved 1114112K
  class space    used 6250K, committed 6656K, reserved 1048576K
}
Event: 7.407 GC heap after
{Heap after GC invocations=14 (full 0):
 garbage-first heap   total 102400K, used 54595K [0x0000000081200000, 0x0000000100000000)
  region size 1024K, 5 young (5120K), 5 survivors (5120K)
 Metaspace       used 52414K, committed 53120K, reserved 1114112K
  class space    used 6250K, committed 6656K, reserved 1048576K
}
Event: 7.840 GC heap before
{Heap before GC invocations=14 (full 0):
 garbage-first heap   total 102400K, used 80195K [0x0000000081200000, 0x0000000100000000)
  region size 1024K, 30 young (30720K), 5 survivors (5120K)
 Metaspace       used 53138K, committed 53888K, reserved 1114112K
  class space    used 6319K, committed 6720K, reserved 1048576K
}
Event: 7.852 GC heap after
{Heap after GC invocations=15 (full 0):
 garbage-first heap   total 102400K, used 58720K [0x0000000081200000, 0x0000000100000000)
  region size 1024K, 4 young (4096K), 4 survivors (4096K)
 Metaspace       used 53138K, committed 53888K, reserved 1114112K
  class space    used 6319K, committed 6720K, reserved 1048576K
}
Event: 8.817 GC heap before
{Heap before GC invocations=16 (full 0):
 garbage-first heap   total 104448K, used 81248K [0x0000000081200000, 0x0000000100000000)
  region size 1024K, 26 young (26624K), 4 survivors (4096K)
 Metaspace       used 54319K, committed 55040K, reserved 1114112K
  class space    used 6397K, committed 6784K, reserved 1048576K
}
Event: 8.824 GC heap after
{Heap after GC invocations=17 (full 0):
 garbage-first heap   total 104448K, used 60607K [0x0000000081200000, 0x0000000100000000)
  region size 1024K, 3 young (3072K), 3 survivors (3072K)
 Metaspace       used 54319K, committed 55040K, reserved 1114112K
  class space    used 6397K, committed 6784K, reserved 1048576K
}
Event: 9.882 GC heap before
{Heap before GC invocations=17 (full 0):
 garbage-first heap   total 104448K, used 83135K [0x0000000081200000, 0x0000000100000000)
  region size 1024K, 25 young (25600K), 3 survivors (3072K)
 Metaspace       used 56484K, committed 57280K, reserved 1114112K
  class space    used 6554K, committed 6976K, reserved 1048576K
}
Event: 9.889 GC heap after
{Heap after GC invocations=18 (full 0):
 garbage-first heap   total 104448K, used 62224K [0x0000000081200000, 0x0000000100000000)
  region size 1024K, 4 young (4096K), 4 survivors (4096K)
 Metaspace       used 56484K, committed 57280K, reserved 1114112K
  class space    used 6554K, committed 6976K, reserved 1048576K
}

