# JRE version: Java(TM) SE Runtime Environment (18.0.2.1+1) (build 18.0.2.1+1-1)
# Java VM: Java HotSpot(TM) 64-Bit Server VM (18.0.2.1+1-1, mixed mode, sharing, tiered, compressed oops, compressed class ptrs, g1 gc, windows-amd64)
GC Precious Log:
 CardTable entry size: 512
 Card Set container configuration: InlinePtr #cards 5 size 8 Array Of Cards #cards 12 size 40 Howl #buckets 4 coarsen threshold 1843 Howl Bitmap #cards 512 size 80 coarsen threshold 460 Card regions per heap region 1 cards per card region 2048
 CPUs: 4 total, 4 available
 Memory: 8119M
 Large Page Support: Disabled
 NUMA Support: Disabled
 Compressed Oops: Enabled (32-bit)
 Heap Region Size: 1M
 Heap Min Capacity: 8M
 Heap Initial Capacity: 128M
 Heap Max Capacity: 2030M
 Pre-touch: Disabled
 Parallel Workers: 4
 Concurrent Workers: 1
 Concurrent Refinement Workers: 4
 Periodic GC: Disabled
Heap:
 garbage-first heap   total 134144K, used 65870K [0x0000000081200000, 0x0000000100000000)
  region size 1024K, 1 young (1024K), 1 survivors (1024K)
 Metaspace       used 53213K, committed 54016K, reserved 1114112K
  class space    used 6339K, committed 6784K, reserved 1048576K
GC Heap History (20 events):
Event: 2.407 GC heap after
{Heap after GC invocations=9 (full 0):
 garbage-first heap   total 110592K, used 25107K [0x0000000081200000, 0x0000000100000000)
  region size 1024K, 3 young (3072K), 3 survivors (3072K)
 Metaspace       used 35220K, committed 35968K, reserved 1114112K
  class space    used 4464K, committed 4864K, reserved 1048576K
}
Event: 3.518 GC heap before
{Heap before GC invocations=10 (full 0):
 garbage-first heap   total 92160K, used 80403K [0x0000000081200000, 0x0000000100000000)
  region size 1024K, 54 young (55296K), 3 survivors (3072K)
 Metaspace       used 41879K, committed 42624K, reserved 1114112K
  class space    used 5128K, committed 5504K, reserved 1048576K
}
Event: 3.535 GC heap after
{Heap after GC invocations=11 (full 0):
 garbage-first heap   total 95232K, used 37749K [0x0000000081200000, 0x0000000100000000)
  region size 1024K, 7 young (7168K), 7 survivors (7168K)
 Metaspace       used 41879K, committed 42624K, reserved 1114112K
  class space    used 5128K, committed 5504K, reserved 1048576K
}
Event: 4.302 GC heap before
{Heap before GC invocations=11 (full 0):
 garbage-first heap   total 95232K, used 69493K [0x0000000081200000, 0x0000000100000000)
  region size 1024K, 38 young (38912K), 7 survivors (7168K)
 Metaspace       used 43686K, committed 44480K, reserved 1114112K
  class space    used 5250K, committed 5632K, reserved 1048576K
}
Event: 4.317 GC heap after
{Heap after GC invocations=12 (full 0):
 garbage-first heap   total 95232K, used 42430K [0x0000000081200000, 0x0000000100000000)
  region size 1024K, 4 young (4096K), 4 survivors (4096K)
 Metaspace       used 43686K, committed 44480K, reserved 1114112K
  class space    used 5250K, committed 5632K, reserved 1048576K
}
Event: 5.139 GC heap before
{Heap before GC invocations=12 (full 0):
 garbage-first heap   total 95232K, used 71102K [0x0000000081200000, 0x0000000100000000)
  region size 1024K, 32 young (32768K), 4 survivors (4096K)
 Metaspace       used 50286K, committed 51072K, reserved 1114112K
  class space    used 6094K, committed 6528K, reserved 1048576K
}
Event: 5.150 GC heap after
{Heap after GC invocations=13 (full 0):
 garbage-first heap   total 95232K, used 46532K [0x0000000081200000, 0x0000000100000000)
  region size 1024K, 4 young (4096K), 4 survivors (4096K)
 Metaspace       used 50286K, committed 51072K, reserved 1114112K
  class space    used 6094K, committed 6528K, reserved 1048576K
}
Event: 5.653 GC heap before
{Heap before GC invocations=13 (full 0):
 garbage-first heap   total 95232K, used 72132K [0x0000000081200000, 0x0000000100000000)
  region size 1024K, 29 young (29696K), 4 survivors (4096K)
 Metaspace       used 51319K, committed 52096K, reserved 1114112K
  class space    used 6137K, committed 6528K, reserved 1048576K
}
Event: 5.666 GC heap after
{Heap after GC invocations=14 (full 0):
 garbage-first heap   total 114688K, used 51155K [0x0000000081200000, 0x0000000100000000)
  region size 1024K, 4 young (4096K), 4 survivors (4096K)
 Metaspace       used 51319K, committed 52096K, reserved 1114112K
  class space    used 6137K, committed 6528K, reserved 1048576K
}
Event: 6.206 GC heap before
{Heap before GC invocations=15 (full 0):
 garbage-first heap   total 114688K, used 83923K [0x0000000081200000, 0x0000000100000000)
  region size 1024K, 37 young (37888K), 4 survivors (4096K)
 Metaspace       used 51964K, committed 52800K, reserved 1114112K
  class space    used 6224K, committed 6656K, reserved 1048576K
}
Event: 6.222 GC heap after
{Heap after GC invocations=16 (full 0):
 garbage-first heap   total 114688K, used 57656K [0x0000000081200000, 0x0000000100000000)
  region size 1024K, 5 young (5120K), 5 survivors (5120K)
 Metaspace       used 51964K, committed 52800K, reserved 1114112K
  class space    used 6224K, committed 6656K, reserved 1048576K
}
Event: 6.287 GC heap before
{Heap before GC invocations=16 (full 0):
 garbage-first heap   total 114688K, used 58680K [0x0000000081200000, 0x0000000100000000)
  region size 1024K, 6 young (6144K), 5 survivors (5120K)
 Metaspace       used 51971K, committed 52800K, reserved 1114112K
  class space    used 6224K, committed 6656K, reserved 1048576K
}
Event: 6.294 GC heap after
{Heap after GC invocations=17 (full 0):
 garbage-first heap   total 114688K, used 57815K [0x0000000081200000, 0x0000000100000000)
  region size 1024K, 1 young (1024K), 1 survivors (1024K)
 Metaspace       used 51971K, committed 52800K, reserved 1114112K
  class space    used 6224K, committed 6656K, reserved 1048576K
}
Event: 6.662 GC heap before
{Heap before GC invocations=17 (full 0):
 garbage-first heap   total 114688K, used 87511K [0x0000000081200000, 0x0000000100000000)
  region size 1024K, 30 young (30720K), 1 survivors (1024K)
 Metaspace       used 52682K, committed 53504K, reserved 1114112K
  class space    used 6299K, committed 6720K, reserved 1048576K
}
Event: 6.671 GC heap after
{Heap after GC invocations=18 (full 0):
 garbage-first heap   total 114688K, used 61946K [0x0000000081200000, 0x0000000100000000)
  region size 1024K, 4 young (4096K), 4 survivors (4096K)
 Metaspace       used 52682K, committed 53504K, reserved 1114112K
  class space    used 6299K, committed 6720K, reserved 1048576K
}
Event: 6.988 GC heap before
{Heap before GC invocations=19 (full 0):
 garbage-first heap   total 121856K, used 89594K [0x0000000081200000, 0x0000000100000000)
  region size 1024K, 31 young (31744K), 4 survivors (4096K)
 Metaspace       used 52941K, committed 53760K, reserved 1114112K
  class space    used 6316K, committed 6720K, reserved 1048576K
}
Event: 7.001 GC heap after
{Heap after GC invocations=20 (full 0):
 garbage-first heap   total 121856K, used 66441K [0x0000000081200000, 0x0000000100000000)
  region size 1024K, 4 young (4096K), 4 survivors (4096K)
 Metaspace       used 52941K, committed 53760K, reserved 1114112K
  class space    used 6316K, committed 6720K, reserved 1048576K
}
Event: 7.016 GC heap before
{Heap before GC invocations=20 (full 0):
 garbage-first heap   total 121856K, used 67465K [0x0000000081200000, 0x0000000100000000)
  region size 1024K, 5 young (5120K), 4 survivors (4096K)
 Metaspace       used 52941K, committed 53760K, reserved 1114112K
  class space    used 6316K, committed 6720K, reserved 1048576K
}
Event: 7.022 GC heap after
{Heap after GC invocations=21 (full 0):
 garbage-first heap   total 121856K, used 65776K [0x0000000081200000, 0x0000000100000000)
  region size 1024K, 1 young (1024K), 1 survivors (1024K)
 Metaspace       used 52941K, committed 53760K, reserved 1114112K
  class space    used 6316K, committed 6720K, reserved 1048576K
}
Event: 7.119 GC heap before
{Heap before GC invocations=21 (full 0):
 garbage-first heap   total 121856K, used 93424K [0x0000000081200000, 0x0000000100000000)
  region size 1024K, 29 young (29696K), 1 survivors (1024K)
 Metaspace       used 53213K, committed 54016K, reserved 1114112K
  class space    used 6339K, committed 6784K, reserved 1048576K
}

