# JRE version: Java(TM) SE Runtime Environment (18.0.2.1+1) (build 18.0.2.1+1-1)
# Java VM: Java HotSpot(TM) 64-Bit Server VM (18.0.2.1+1-1, mixed mode, sharing, tiered, compressed oops, compressed class ptrs, g1 gc, windows-amd64)
GC Precious Log:
 CardTable entry size: 512
 Card Set container configuration: InlinePtr #cards 5 size 8 Array Of Cards #cards 12 size 40 Howl #buckets 4 coarsen threshold 1843 Howl Bitmap #cards 512 size 80 coarsen threshold 460 Card regions per heap region 1 cards per card region 2048
 CPUs: 4 total, 4 available
 Memory: 8119M
 Large Page Support: Disabled
 NUMA Support: Disabled
 Compressed Oops: Enabled (32-bit)
 Heap Region Size: 1M
 Heap Min Capacity: 8M
 Heap Initial Capacity: 128M
 Heap Max Capacity: 2030M
 Pre-touch: Disabled
 Parallel Workers: 4
 Concurrent Workers: 1
 Concurrent Refinement Workers: 4
 Periodic GC: Disabled
Heap:
 garbage-first heap   total 134144K, used 64240K [0x0000000081200000, 0x0000000100000000)
  region size 1024K, 1 young (1024K), 1 survivors (1024K)
 Metaspace       used 53193K, committed 54016K, reserved 1114112K
  class space    used 6342K, committed 6784K, reserved 1048576K
GC Heap History (20 events):
Event: 2.581 GC heap after
{Heap after GC invocations=9 (full 0):
 garbage-first heap   total 110592K, used 25220K [0x0000000081200000, 0x0000000100000000)
  region size 1024K, 3 young (3072K), 3 survivors (3072K)
 Metaspace       used 35368K, committed 36096K, reserved 1114112K
  class space    used 4481K, committed 4864K, reserved 1048576K
}
Event: 3.278 GC heap before
{Heap before GC invocations=10 (full 0):
 garbage-first heap   total 92160K, used 80516K [0x0000000081200000, 0x0000000100000000)
  region size 1024K, 54 young (55296K), 3 survivors (3072K)
 Metaspace       used 41694K, committed 42432K, reserved 1114112K
  class space    used 5131K, committed 5504K, reserved 1048576K
}
Event: 3.295 GC heap after
{Heap after GC invocations=11 (full 0):
 garbage-first heap   total 95232K, used 37821K [0x0000000081200000, 0x0000000100000000)
  region size 1024K, 7 young (7168K), 7 survivors (7168K)
 Metaspace       used 41694K, committed 42432K, reserved 1114112K
  class space    used 5131K, committed 5504K, reserved 1048576K
}
Event: 3.658 GC heap before
{Heap before GC invocations=11 (full 0):
 garbage-first heap   total 95232K, used 69565K [0x0000000081200000, 0x0000000100000000)
  region size 1024K, 38 young (38912K), 7 survivors (7168K)
 Metaspace       used 43541K, committed 44288K, reserved 1114112K
  class space    used 5255K, committed 5632K, reserved 1048576K
}
Event: 3.670 GC heap after
{Heap after GC invocations=12 (full 0):
 garbage-first heap   total 95232K, used 42070K [0x0000000081200000, 0x0000000100000000)
  region size 1024K, 4 young (4096K), 4 survivors (4096K)
 Metaspace       used 43541K, committed 44288K, reserved 1114112K
  class space    used 5255K, committed 5632K, reserved 1048576K
}
Event: 4.399 GC heap before
{Heap before GC invocations=12 (full 0):
 garbage-first heap   total 95232K, used 70742K [0x0000000081200000, 0x0000000100000000)
  region size 1024K, 32 young (32768K), 4 survivors (4096K)
 Metaspace       used 50239K, committed 51072K, reserved 1114112K
  class space    used 6098K, committed 6528K, reserved 1048576K
}
Event: 4.409 GC heap after
{Heap after GC invocations=13 (full 0):
 garbage-first heap   total 95232K, used 46055K [0x0000000081200000, 0x0000000100000000)
  region size 1024K, 4 young (4096K), 4 survivors (4096K)
 Metaspace       used 50239K, committed 51072K, reserved 1114112K
  class space    used 6098K, committed 6528K, reserved 1048576K
}
Event: 4.822 GC heap before
{Heap before GC invocations=13 (full 0):
 garbage-first heap   total 95232K, used 72679K [0x0000000081200000, 0x0000000100000000)
  region size 1024K, 30 young (30720K), 4 survivors (4096K)
 Metaspace       used 51273K, committed 52032K, reserved 1114112K
  class space    used 6141K, committed 6528K, reserved 1048576K
}
Event: 4.834 GC heap after
{Heap after GC invocations=14 (full 0):
 garbage-first heap   total 114688K, used 50691K [0x0000000081200000, 0x0000000100000000)
  region size 1024K, 4 young (4096K), 4 survivors (4096K)
 Metaspace       used 51273K, committed 52032K, reserved 1114112K
  class space    used 6141K, committed 6528K, reserved 1048576K
}
Event: 5.188 GC heap before
{Heap before GC invocations=15 (full 0):
 garbage-first heap   total 114688K, used 85507K [0x0000000081200000, 0x0000000100000000)
  region size 1024K, 38 young (38912K), 4 survivors (4096K)
 Metaspace       used 51943K, committed 52736K, reserved 1114112K
  class space    used 6227K, committed 6656K, reserved 1048576K
}
Event: 5.203 GC heap after
{Heap after GC invocations=16 (full 0):
 garbage-first heap   total 114688K, used 56772K [0x0000000081200000, 0x0000000100000000)
  region size 1024K, 5 young (5120K), 5 survivors (5120K)
 Metaspace       used 51943K, committed 52736K, reserved 1114112K
  class space    used 6227K, committed 6656K, reserved 1048576K
}
Event: 5.217 GC heap before
{Heap before GC invocations=16 (full 0):
 garbage-first heap   total 114688K, used 57796K [0x0000000081200000, 0x0000000100000000)
  region size 1024K, 6 young (6144K), 5 survivors (5120K)
 Metaspace       used 51961K, committed 52800K, reserved 1114112K
  class space    used 6227K, committed 6656K, reserved 1048576K
}
Event: 5.223 GC heap after
{Heap after GC invocations=17 (full 0):
 garbage-first heap   total 114688K, used 56905K [0x0000000081200000, 0x0000000100000000)
  region size 1024K, 1 young (1024K), 1 survivors (1024K)
 Metaspace       used 51961K, committed 52800K, reserved 1114112K
  class space    used 6227K, committed 6656K, reserved 1048576K
}
Event: 5.460 GC heap before
{Heap before GC invocations=17 (full 0):
 garbage-first heap   total 114688K, used 87625K [0x0000000081200000, 0x0000000100000000)
  region size 1024K, 31 young (31744K), 1 survivors (1024K)
 Metaspace       used 52656K, committed 53440K, reserved 1114112K
  class space    used 6304K, committed 6720K, reserved 1048576K
}
Event: 5.468 GC heap after
{Heap after GC invocations=18 (full 0):
 garbage-first heap   total 114688K, used 61060K [0x0000000081200000, 0x0000000100000000)
  region size 1024K, 4 young (4096K), 4 survivors (4096K)
 Metaspace       used 52656K, committed 53440K, reserved 1114112K
  class space    used 6304K, committed 6720K, reserved 1048576K
}
Event: 5.729 GC heap before
{Heap before GC invocations=19 (full 0):
 garbage-first heap   total 114688K, used 88708K [0x0000000081200000, 0x0000000100000000)
  region size 1024K, 31 young (31744K), 4 survivors (4096K)
 Metaspace       used 52922K, committed 53696K, reserved 1114112K
  class space    used 6320K, committed 6720K, reserved 1048576K
}
Event: 5.739 GC heap after
{Heap after GC invocations=20 (full 0):
 garbage-first heap   total 114688K, used 65014K [0x0000000081200000, 0x0000000100000000)
  region size 1024K, 4 young (4096K), 4 survivors (4096K)
 Metaspace       used 52922K, committed 53696K, reserved 1114112K
  class space    used 6320K, committed 6720K, reserved 1048576K
}
Event: 5.741 GC heap before
{Heap before GC invocations=20 (full 0):
 garbage-first heap   total 114688K, used 66038K [0x0000000081200000, 0x0000000100000000)
  region size 1024K, 5 young (5120K), 4 survivors (4096K)
 Metaspace       used 52922K, committed 53696K, reserved 1114112K
  class space    used 6320K, committed 6720K, reserved 1048576K
}
Event: 5.745 GC heap after
{Heap after GC invocations=21 (full 0):
 garbage-first heap   total 114688K, used 64498K [0x0000000081200000, 0x0000000100000000)
  region size 1024K, 1 young (1024K), 1 survivors (1024K)
 Metaspace       used 52922K, committed 53696K, reserved 1114112K
  class space    used 6320K, committed 6720K, reserved 1048576K
}
Event: 5.833 GC heap before
{Heap before GC invocations=21 (full 0):
 garbage-first heap   total 114688K, used 90098K [0x0000000081200000, 0x0000000100000000)
  region size 1024K, 26 young (26624K), 1 survivors (1024K)
 Metaspace       used 53193K, committed 54016K, reserved 1114112K
  class space    used 6342K, committed 6784K, reserved 1048576K
}

